2025-03-12 14:11:18 - utils - INFO - Logging initialized. Log file: /Users/mrsmoothy/Desktop/rsidtrade/trading_/logs/rsidtrade_20250312_141117.log
2025-03-12 14:11:18 - __main__ - INFO - Starting AI Trading Bot Single Run
2025-03-12 14:11:18 - utils - INFO - System Information:
2025-03-12 14:11:18 - utils - INFO -   python_version: 3.10.16
2025-03-12 14:11:18 - utils - INFO -   system: Darwin
2025-03-12 14:11:18 - utils - INFO -   release: 24.3.0
2025-03-12 14:11:18 - utils - INFO -   processor: arm
2025-03-12 14:11:18 - utils - INFO -   cpu_count: 8
2025-03-12 14:11:18 - utils - INFO -   memory_total_gb: 8.0
2025-03-12 14:11:18 - utils - INFO -   tensorflow_version: 2.19.0
2025-03-12 14:11:18 - utils - INFO -   numpy_version: 2.1.3
2025-03-12 14:11:18 - utils - INFO -   pandas_version: 2.2.3
2025-03-12 14:11:18 - __main__ - INFO - Processing BTCUSDT 1h
2025-03-12 14:11:18 - __main__ - INFO - Loading data
2025-03-12 14:11:18 - data_processor - INFO - Loading data from /Users/mrsmoothy/Desktop/rsidtrade/binance_data_sets/BTCUSDT_1h_data_2018_to_2025.csv
2025-03-12 14:11:18 - data_processor - INFO - Loaded 61247 rows of data
2025-03-12 14:11:18 - __main__ - INFO - Generating features
2025-03-12 14:11:38 - __main__ - INFO - Starting model optimization
2025-03-12 14:11:38 - data_processor - INFO - Loading data from /Users/mrsmoothy/Desktop/rsidtrade/binance_data_sets/BTCUSDT_1h_data_2018_to_2025.csv
2025-03-12 14:11:38 - data_processor - INFO - Loaded 61247 rows of data
2025-03-12 14:11:58 - optimizer - INFO - Prepared 61142 sequences with 100 time steps and 36 features
2025-03-12 14:12:00 - model - INFO - Building lstm model with input shape (100, 36)
2025-03-12 14:12:01 - model - INFO - Training lstm model with 48914 samples
