2025-03-13 14:46:01 - utils - INFO - Logging initialized. Log file: /Users/mrsmoothy/Desktop/rsidtrade/trading_/logs/rsidtrade_20250313_144601.log
2025-03-13 14:46:01 - __main__ - INFO - Starting AI Trading Bot Single Run
2025-03-13 14:46:01 - utils - INFO - System Information:
2025-03-13 14:46:01 - utils - INFO -   python_version: 3.10.14
2025-03-13 14:46:01 - utils - INFO -   system: Darwin
2025-03-13 14:46:01 - utils - INFO -   release: 24.3.0
2025-03-13 14:46:01 - utils - INFO -   processor: arm
2025-03-13 14:46:01 - utils - INFO -   cpu_count: 8
2025-03-13 14:46:01 - utils - INFO -   memory_total_gb: 8.0
2025-03-13 14:46:01 - utils - INFO -   tensorflow_version: 2.19.0
2025-03-13 14:46:01 - utils - INFO -   numpy_version: 2.1.3
2025-03-13 14:46:01 - utils - INFO -   pandas_version: 2.2.3
2025-03-13 14:46:01 - __main__ - INFO - Processing BTCUSDT 1h
2025-03-13 14:46:01 - __main__ - INFO - Loading data
2025-03-13 14:46:01 - data_processor - INFO - Loading data from /Users/mrsmoothy/Desktop/rsidtrade/binance_data_sets/BTCUSDT_1h_data_2021_to_2023.csv
2025-03-13 14:46:01 - data_processor - INFO - Loaded 21826 rows of data
2025-03-13 14:46:01 - __main__ - INFO - Generating features
2025-03-13 14:46:09 - __main__ - INFO - Creating new model
2025-03-13 14:46:10 - model - INFO - Building lstm model with input shape (100, 36)
2025-03-13 14:46:11 - __main__ - INFO - Training model
2025-03-13 14:46:11 - model - INFO - Training lstm model with 15204 samples
