2025-03-14 15:24:50 - utils - INFO - Logging initialized. Log file: /Users/mrsmoothy/Desktop/rsidtrade/trading_/logs/rsidtrade_20250314_152449.log
2025-03-14 15:24:50 - __main__ - INFO - Starting AI Trading Bot Single Run
2025-03-14 15:24:50 - utils - INFO - System Information:
2025-03-14 15:24:50 - utils - INFO -   python_version: 3.10.14
2025-03-14 15:24:50 - utils - INFO -   system: Darwin
2025-03-14 15:24:50 - utils - INFO -   release: 24.3.0
2025-03-14 15:24:50 - utils - INFO -   processor: arm
2025-03-14 15:24:50 - utils - INFO -   cpu_count: 8
2025-03-14 15:24:50 - utils - INFO -   memory_total_gb: 8.0
2025-03-14 15:24:50 - utils - INFO -   tensorflow_version: 2.16.2
2025-03-14 15:24:50 - utils - INFO -   numpy_version: 1.26.4
2025-03-14 15:24:50 - utils - INFO -   pandas_version: 2.2.3
2025-03-14 15:24:50 - __main__ - INFO - Processing BTCUSDT 1h
2025-03-14 15:24:50 - __main__ - INFO - Loading data
2025-03-14 15:24:50 - data_processor - INFO - Loading data from /Users/mrsmoothy/Desktop/rsidtrade/binance_data_sets/BTCUSDT_1h_data_2021_to_2023.csv
2025-03-14 15:24:50 - data_processor - INFO - Loaded 21826 rows of data
2025-03-14 15:24:50 - __main__ - INFO - Generating features
2025-03-14 15:24:59 - __main__ - INFO - Creating new model
2025-03-14 15:25:00 - model - INFO - Building lstm model with input shape (100, 36)
2025-03-14 15:25:00 - __main__ - INFO - Training model
2025-03-14 15:25:00 - model - INFO - Training lstm model with 15204 samples
2025-03-14 15:25:53 - absl - WARNING - You are saving your model as an HDF5 file via `model.save()` or `keras.saving.save_model(model)`. This file format is considered legacy. We recommend using instead the native Keras format, e.g. `model.save('my_model.keras')` or `keras.saving.save_model(model, 'my_model.keras')`. 
2025-03-14 15:26:44 - absl - WARNING - You are saving your model as an HDF5 file via `model.save()` or `keras.saving.save_model(model)`. This file format is considered legacy. We recommend using instead the native Keras format, e.g. `model.save('my_model.keras')` or `keras.saving.save_model(model, 'my_model.keras')`. 
2025-03-14 15:27:35 - absl - WARNING - You are saving your model as an HDF5 file via `model.save()` or `keras.saving.save_model(model)`. This file format is considered legacy. We recommend using instead the native Keras format, e.g. `model.save('my_model.keras')` or `keras.saving.save_model(model, 'my_model.keras')`. 
2025-03-14 15:28:25 - absl - WARNING - You are saving your model as an HDF5 file via `model.save()` or `keras.saving.save_model(model)`. This file format is considered legacy. We recommend using instead the native Keras format, e.g. `model.save('my_model.keras')` or `keras.saving.save_model(model, 'my_model.keras')`. 
2025-03-14 15:29:13 - absl - WARNING - You are saving your model as an HDF5 file via `model.save()` or `keras.saving.save_model(model)`. This file format is considered legacy. We recommend using instead the native Keras format, e.g. `model.save('my_model.keras')` or `keras.saving.save_model(model, 'my_model.keras')`. 
2025-03-14 15:30:04 - absl - WARNING - You are saving your model as an HDF5 file via `model.save()` or `keras.saving.save_model(model)`. This file format is considered legacy. We recommend using instead the native Keras format, e.g. `model.save('my_model.keras')` or `keras.saving.save_model(model, 'my_model.keras')`. 
2025-03-14 15:30:53 - absl - WARNING - You are saving your model as an HDF5 file via `model.save()` or `keras.saving.save_model(model)`. This file format is considered legacy. We recommend using instead the native Keras format, e.g. `model.save('my_model.keras')` or `keras.saving.save_model(model, 'my_model.keras')`. 
2025-03-14 15:31:46 - absl - WARNING - You are saving your model as an HDF5 file via `model.save()` or `keras.saving.save_model(model)`. This file format is considered legacy. We recommend using instead the native Keras format, e.g. `model.save('my_model.keras')` or `keras.saving.save_model(model, 'my_model.keras')`. 
2025-03-14 15:32:38 - absl - WARNING - You are saving your model as an HDF5 file via `model.save()` or `keras.saving.save_model(model)`. This file format is considered legacy. We recommend using instead the native Keras format, e.g. `model.save('my_model.keras')` or `keras.saving.save_model(model, 'my_model.keras')`. 
2025-03-14 15:33:28 - absl - WARNING - You are saving your model as an HDF5 file via `model.save()` or `keras.saving.save_model(model)`. This file format is considered legacy. We recommend using instead the native Keras format, e.g. `model.save('my_model.keras')` or `keras.saving.save_model(model, 'my_model.keras')`. 
2025-03-14 15:34:19 - absl - WARNING - You are saving your model as an HDF5 file via `model.save()` or `keras.saving.save_model(model)`. This file format is considered legacy. We recommend using instead the native Keras format, e.g. `model.save('my_model.keras')` or `keras.saving.save_model(model, 'my_model.keras')`. 
2025-03-14 15:35:11 - absl - WARNING - You are saving your model as an HDF5 file via `model.save()` or `keras.saving.save_model(model)`. This file format is considered legacy. We recommend using instead the native Keras format, e.g. `model.save('my_model.keras')` or `keras.saving.save_model(model, 'my_model.keras')`. 
2025-03-14 15:36:01 - absl - WARNING - You are saving your model as an HDF5 file via `model.save()` or `keras.saving.save_model(model)`. This file format is considered legacy. We recommend using instead the native Keras format, e.g. `model.save('my_model.keras')` or `keras.saving.save_model(model, 'my_model.keras')`. 
2025-03-14 15:36:50 - absl - WARNING - You are saving your model as an HDF5 file via `model.save()` or `keras.saving.save_model(model)`. This file format is considered legacy. We recommend using instead the native Keras format, e.g. `model.save('my_model.keras')` or `keras.saving.save_model(model, 'my_model.keras')`. 
2025-03-14 15:37:40 - absl - WARNING - You are saving your model as an HDF5 file via `model.save()` or `keras.saving.save_model(model)`. This file format is considered legacy. We recommend using instead the native Keras format, e.g. `model.save('my_model.keras')` or `keras.saving.save_model(model, 'my_model.keras')`. 
2025-03-14 15:38:33 - absl - WARNING - You are saving your model as an HDF5 file via `model.save()` or `keras.saving.save_model(model)`. This file format is considered legacy. We recommend using instead the native Keras format, e.g. `model.save('my_model.keras')` or `keras.saving.save_model(model, 'my_model.keras')`. 
2025-03-14 15:39:24 - absl - WARNING - You are saving your model as an HDF5 file via `model.save()` or `keras.saving.save_model(model)`. This file format is considered legacy. We recommend using instead the native Keras format, e.g. `model.save('my_model.keras')` or `keras.saving.save_model(model, 'my_model.keras')`. 
2025-03-14 15:40:15 - absl - WARNING - You are saving your model as an HDF5 file via `model.save()` or `keras.saving.save_model(model)`. This file format is considered legacy. We recommend using instead the native Keras format, e.g. `model.save('my_model.keras')` or `keras.saving.save_model(model, 'my_model.keras')`. 
2025-03-14 15:41:08 - absl - WARNING - You are saving your model as an HDF5 file via `model.save()` or `keras.saving.save_model(model)`. This file format is considered legacy. We recommend using instead the native Keras format, e.g. `model.save('my_model.keras')` or `keras.saving.save_model(model, 'my_model.keras')`. 
2025-03-14 15:42:02 - absl - WARNING - You are saving your model as an HDF5 file via `model.save()` or `keras.saving.save_model(model)`. This file format is considered legacy. We recommend using instead the native Keras format, e.g. `model.save('my_model.keras')` or `keras.saving.save_model(model, 'my_model.keras')`. 
2025-03-14 15:42:52 - absl - WARNING - You are saving your model as an HDF5 file via `model.save()` or `keras.saving.save_model(model)`. This file format is considered legacy. We recommend using instead the native Keras format, e.g. `model.save('my_model.keras')` or `keras.saving.save_model(model, 'my_model.keras')`. 
2025-03-14 15:43:42 - absl - WARNING - You are saving your model as an HDF5 file via `model.save()` or `keras.saving.save_model(model)`. This file format is considered legacy. We recommend using instead the native Keras format, e.g. `model.save('my_model.keras')` or `keras.saving.save_model(model, 'my_model.keras')`. 
2025-03-14 15:44:44 - absl - WARNING - You are saving your model as an HDF5 file via `model.save()` or `keras.saving.save_model(model)`. This file format is considered legacy. We recommend using instead the native Keras format, e.g. `model.save('my_model.keras')` or `keras.saving.save_model(model, 'my_model.keras')`. 
2025-03-14 15:45:34 - absl - WARNING - You are saving your model as an HDF5 file via `model.save()` or `keras.saving.save_model(model)`. This file format is considered legacy. We recommend using instead the native Keras format, e.g. `model.save('my_model.keras')` or `keras.saving.save_model(model, 'my_model.keras')`. 
2025-03-14 15:46:25 - absl - WARNING - You are saving your model as an HDF5 file via `model.save()` or `keras.saving.save_model(model)`. This file format is considered legacy. We recommend using instead the native Keras format, e.g. `model.save('my_model.keras')` or `keras.saving.save_model(model, 'my_model.keras')`. 
2025-03-14 15:47:22 - absl - WARNING - You are saving your model as an HDF5 file via `model.save()` or `keras.saving.save_model(model)`. This file format is considered legacy. We recommend using instead the native Keras format, e.g. `model.save('my_model.keras')` or `keras.saving.save_model(model, 'my_model.keras')`. 
2025-03-14 15:48:20 - absl - WARNING - You are saving your model as an HDF5 file via `model.save()` or `keras.saving.save_model(model)`. This file format is considered legacy. We recommend using instead the native Keras format, e.g. `model.save('my_model.keras')` or `keras.saving.save_model(model, 'my_model.keras')`. 
2025-03-14 15:49:21 - absl - WARNING - You are saving your model as an HDF5 file via `model.save()` or `keras.saving.save_model(model)`. This file format is considered legacy. We recommend using instead the native Keras format, e.g. `model.save('my_model.keras')` or `keras.saving.save_model(model, 'my_model.keras')`. 
2025-03-14 15:50:23 - absl - WARNING - You are saving your model as an HDF5 file via `model.save()` or `keras.saving.save_model(model)`. This file format is considered legacy. We recommend using instead the native Keras format, e.g. `model.save('my_model.keras')` or `keras.saving.save_model(model, 'my_model.keras')`. 
2025-03-14 15:51:23 - absl - WARNING - You are saving your model as an HDF5 file via `model.save()` or `keras.saving.save_model(model)`. This file format is considered legacy. We recommend using instead the native Keras format, e.g. `model.save('my_model.keras')` or `keras.saving.save_model(model, 'my_model.keras')`. 
2025-03-14 15:51:23 - absl - WARNING - You are saving your model as an HDF5 file via `model.save()` or `keras.saving.save_model(model)`. This file format is considered legacy. We recommend using instead the native Keras format, e.g. `model.save('my_model.keras')` or `keras.saving.save_model(model, 'my_model.keras')`. 
2025-03-14 15:51:23 - model - INFO - Model saved to /Users/mrsmoothy/Desktop/rsidtrade/trading_/models/BTCUSDT_1h/model_20250314_152500.h5
2025-03-14 15:51:23 - model - INFO - Model saved to /Users/mrsmoothy/Desktop/rsidtrade/trading_/models/BTCUSDT_1h/model_20250314_152500.h5 with metadata at /Users/mrsmoothy/Desktop/rsidtrade/trading_/models/BTCUSDT_1h/model_20250314_152500.h5_metadata.json
2025-03-14 15:51:23 - __main__ - INFO - Model saved to /Users/mrsmoothy/Desktop/rsidtrade/trading_/models/BTCUSDT_1h/model_20250314_152500.h5
2025-03-14 15:51:23 - __main__ - INFO - Creating trading strategy
2025-03-14 15:51:23 - __main__ - INFO - Running backtest
2025-03-14 15:51:23 - __main__ - ERROR - Error in single run: Exception encountered when calling LSTMCell.call().

[1mDimensions must be equal, but are 55 and 36 for '{{node sequential_1/lstm_1/lstm_cell_1/MatMul}} = MatMul[T=DT_FLOAT, grad_a=false, grad_b=false, transpose_a=false, transpose_b=false](sequential_1/lstm_1/strided_slice_1, sequential_1/lstm_1/lstm_cell_1/Cast/ReadVariableOp)' with input shapes: [1,55], [36,512].[0m

Arguments received by LSTMCell.call():
  • inputs=tf.Tensor(shape=(1, 55), dtype=float32)
  • states=('tf.Tensor(shape=(1, 128), dtype=float32)', 'tf.Tensor(shape=(1, 128), dtype=float32)')
  • training=False
