2025-03-12 14:05:16 - utils - INFO - Logging initialized. Log file: /Users/mrsmoothy/Desktop/rsidtrade/trading_/logs/rsidtrade_20250312_140516.log
2025-03-12 14:05:16 - __main__ - INFO - Starting AI Trading Bot Single Run
2025-03-12 14:05:16 - utils - INFO - System Information:
2025-03-12 14:05:16 - utils - INFO -   python_version: 3.10.16
2025-03-12 14:05:16 - utils - INFO -   system: Darwin
2025-03-12 14:05:16 - utils - INFO -   release: 24.3.0
2025-03-12 14:05:16 - utils - INFO -   processor: arm
2025-03-12 14:05:16 - utils - INFO -   cpu_count: 8
2025-03-12 14:05:16 - utils - INFO -   memory_total_gb: 8.0
2025-03-12 14:05:16 - utils - INFO -   tensorflow_version: 2.19.0
2025-03-12 14:05:16 - utils - INFO -   numpy_version: 2.1.3
2025-03-12 14:05:16 - utils - INFO -   pandas_version: 2.2.3
2025-03-12 14:05:16 - __main__ - INFO - Processing BTCUSDT 1h
2025-03-12 14:05:16 - __main__ - INFO - Loading data
2025-03-12 14:05:16 - data_processor - INFO - Loading data from /Users/mrsmoothy/Desktop/rsidtrade/binance_data_sets/BTCUSDT_1h_data_2021_to_2023.csv
2025-03-12 14:05:17 - data_processor - INFO - Loaded 21826 rows of data
2025-03-12 14:05:17 - __main__ - INFO - Generating features
2025-03-12 14:05:24 - __main__ - INFO - Starting model optimization
2025-03-12 14:05:24 - data_processor - INFO - Loading data from /Users/mrsmoothy/Desktop/rsidtrade/binance_data_sets/BTCUSDT_1h_data_2021_to_2023.csv
2025-03-12 14:05:24 - data_processor - INFO - Loaded 21826 rows of data
2025-03-12 14:05:31 - optimizer - INFO - Prepared 21721 sequences with 100 time steps and 36 features
2025-03-12 14:05:31 - model - INFO - Building gru model with input shape (100, 36)
2025-03-12 14:05:31 - model - INFO - Training gru model with 17377 samples
2025-03-12 14:05:33 - __main__ - ERROR - Error in single run: Graph execution error:

Detected at node sub defined at (most recent call last):
  File "/Users/mrsmoothy/Desktop/rsidtrade/trading_/run_single.py", line 828, in <module>

  File "/Users/mrsmoothy/Desktop/rsidtrade/trading_/run_single.py", line 606, in main

  File "/Users/mrsmoothy/Desktop/rsidtrade/trading_/run_single.py", line 184, in perform_model_optimization

  File "/Users/mrsmoothy/Desktop/rsidtrade/trading_/optimizer.py", line 196, in optimize

  File "/Users/mrsmoothy/miniforge3/envs/rsidtrade/lib/python3.10/site-packages/optuna/study/study.py", line 475, in optimize

  File "/Users/mrsmoothy/miniforge3/envs/rsidtrade/lib/python3.10/site-packages/optuna/study/_optimize.py", line 63, in _optimize

  File "/Users/mrsmoothy/miniforge3/envs/rsidtrade/lib/python3.10/site-packages/optuna/study/_optimize.py", line 160, in _optimize_sequential

  File "/Users/mrsmoothy/miniforge3/envs/rsidtrade/lib/python3.10/site-packages/optuna/study/_optimize.py", line 197, in _run_trial

  File "/Users/mrsmoothy/Desktop/rsidtrade/trading_/optimizer.py", line 150, in objective

  File "/Users/mrsmoothy/Desktop/rsidtrade/trading_/model.py", line 362, in train

  File "/Users/mrsmoothy/miniforge3/envs/rsidtrade/lib/python3.10/site-packages/keras/src/utils/traceback_utils.py", line 117, in error_handler

  File "/Users/mrsmoothy/miniforge3/envs/rsidtrade/lib/python3.10/site-packages/keras/src/backend/tensorflow/trainer.py", line 371, in fit

  File "/Users/mrsmoothy/miniforge3/envs/rsidtrade/lib/python3.10/site-packages/keras/src/backend/tensorflow/trainer.py", line 219, in function

  File "/Users/mrsmoothy/miniforge3/envs/rsidtrade/lib/python3.10/site-packages/keras/src/backend/tensorflow/trainer.py", line 132, in multi_step_on_iterator

  File "/Users/mrsmoothy/miniforge3/envs/rsidtrade/lib/python3.10/site-packages/keras/src/backend/tensorflow/trainer.py", line 113, in one_step_on_data

  File "/Users/mrsmoothy/miniforge3/envs/rsidtrade/lib/python3.10/site-packages/keras/src/backend/tensorflow/trainer.py", line 84, in train_step

  File "/Users/mrsmoothy/miniforge3/envs/rsidtrade/lib/python3.10/site-packages/keras/src/trainers/trainer.py", line 490, in compute_metrics

  File "/Users/mrsmoothy/miniforge3/envs/rsidtrade/lib/python3.10/site-packages/keras/src/trainers/compile_utils.py", line 334, in update_state

  File "/Users/mrsmoothy/miniforge3/envs/rsidtrade/lib/python3.10/site-packages/keras/src/trainers/compile_utils.py", line 21, in update_state

  File "/Users/mrsmoothy/miniforge3/envs/rsidtrade/lib/python3.10/site-packages/keras/src/metrics/reduction_metrics.py", line 203, in update_state

  File "/Users/mrsmoothy/miniforge3/envs/rsidtrade/lib/python3.10/site-packages/keras/src/losses/losses.py", line 1716, in mean_absolute_error

Incompatible shapes: [111,5] vs. [111,100,5]
	 [[{{node sub}}]] [Op:__inference_multi_step_on_iterator_4099]
