2025-03-14 16:04:58 - utils - INFO - Logging initialized. Log file: /Users/mrsmoothy/Desktop/rsidtrade/trading_/logs/rsidtrade_20250314_160457.log
2025-03-14 16:04:58 - __main__ - INFO - Starting AI Trading Bot Single Run
2025-03-14 16:04:58 - utils - INFO - System Information:
2025-03-14 16:04:58 - utils - INFO -   python_version: 3.10.14
2025-03-14 16:04:58 - utils - INFO -   system: Darwin
2025-03-14 16:04:58 - utils - INFO -   release: 24.3.0
2025-03-14 16:04:58 - utils - INFO -   processor: arm
2025-03-14 16:04:58 - utils - INFO -   cpu_count: 8
2025-03-14 16:04:58 - utils - INFO -   memory_total_gb: 8.0
2025-03-14 16:04:58 - utils - INFO -   tensorflow_version: 2.16.2
2025-03-14 16:04:58 - utils - INFO -   numpy_version: 1.26.4
2025-03-14 16:04:58 - utils - INFO -   pandas_version: 2.2.3
2025-03-14 16:04:58 - __main__ - INFO - Processing BTCUSDT 1h
2025-03-14 16:04:58 - __main__ - INFO - Loading data
2025-03-14 16:04:58 - data_processor - INFO - Loading data from /Users/mrsmoothy/Desktop/rsidtrade/binance_data_sets/BTCUSDT_1h_data_2021_to_2023.csv
2025-03-14 16:04:58 - data_processor - INFO - Loaded 21826 rows of data
2025-03-14 16:04:58 - __main__ - INFO - Generating features
2025-03-14 16:05:05 - __main__ - INFO - Creating new model
2025-03-14 16:05:06 - model - INFO - Building lstm model with input shape (100, 26)
2025-03-14 16:05:07 - __main__ - INFO - Training model
2025-03-14 16:05:07 - model - INFO - Training lstm model with 15204 samples
2025-03-14 16:05:59 - absl - WARNING - You are saving your model as an HDF5 file via `model.save()` or `keras.saving.save_model(model)`. This file format is considered legacy. We recommend using instead the native Keras format, e.g. `model.save('my_model.keras')` or `keras.saving.save_model(model, 'my_model.keras')`. 
2025-03-14 16:06:48 - absl - WARNING - You are saving your model as an HDF5 file via `model.save()` or `keras.saving.save_model(model)`. This file format is considered legacy. We recommend using instead the native Keras format, e.g. `model.save('my_model.keras')` or `keras.saving.save_model(model, 'my_model.keras')`. 
2025-03-14 16:07:34 - absl - WARNING - You are saving your model as an HDF5 file via `model.save()` or `keras.saving.save_model(model)`. This file format is considered legacy. We recommend using instead the native Keras format, e.g. `model.save('my_model.keras')` or `keras.saving.save_model(model, 'my_model.keras')`. 
2025-03-14 16:08:20 - absl - WARNING - You are saving your model as an HDF5 file via `model.save()` or `keras.saving.save_model(model)`. This file format is considered legacy. We recommend using instead the native Keras format, e.g. `model.save('my_model.keras')` or `keras.saving.save_model(model, 'my_model.keras')`. 
2025-03-14 16:09:05 - absl - WARNING - You are saving your model as an HDF5 file via `model.save()` or `keras.saving.save_model(model)`. This file format is considered legacy. We recommend using instead the native Keras format, e.g. `model.save('my_model.keras')` or `keras.saving.save_model(model, 'my_model.keras')`. 
2025-03-14 16:09:05 - absl - WARNING - You are saving your model as an HDF5 file via `model.save()` or `keras.saving.save_model(model)`. This file format is considered legacy. We recommend using instead the native Keras format, e.g. `model.save('my_model.keras')` or `keras.saving.save_model(model, 'my_model.keras')`. 
2025-03-14 16:09:05 - model - INFO - Model saved to /Users/mrsmoothy/Desktop/rsidtrade/trading_/models/BTCUSDT_1h/model_20250314_160507.h5
2025-03-14 16:09:05 - model - INFO - Model saved to /Users/mrsmoothy/Desktop/rsidtrade/trading_/models/BTCUSDT_1h/model_20250314_160507.h5 with metadata at /Users/mrsmoothy/Desktop/rsidtrade/trading_/models/BTCUSDT_1h/model_20250314_160507.h5_metadata.json
2025-03-14 16:09:05 - __main__ - INFO - Model saved to /Users/mrsmoothy/Desktop/rsidtrade/trading_/models/BTCUSDT_1h/model_20250314_160507.h5
2025-03-14 16:09:05 - __main__ - INFO - Creating trading strategy
2025-03-14 16:09:05 - __main__ - INFO - Running backtest
2025-03-14 16:09:05 - __main__ - ERROR - Error in single run: Exception encountered when calling LSTMCell.call().

[1mDimensions must be equal, but are 45 and 26 for '{{node sequential_1/lstm_1/lstm_cell_1/MatMul}} = MatMul[T=DT_FLOAT, grad_a=false, grad_b=false, transpose_a=false, transpose_b=false](sequential_1/lstm_1/strided_slice_1, sequential_1/lstm_1/lstm_cell_1/Cast/ReadVariableOp)' with input shapes: [1,45], [26,512].[0m

Arguments received by LSTMCell.call():
  • inputs=tf.Tensor(shape=(1, 45), dtype=float32)
  • states=('tf.Tensor(shape=(1, 128), dtype=float32)', 'tf.Tensor(shape=(1, 128), dtype=float32)')
  • training=False
