2025-03-12 14:32:22 - utils - INFO - Logging initialized. Log file: /Users/mrsmoothy/Desktop/rsidtrade/trading_/logs/rsidtrade_20250312_143221.log
2025-03-12 14:32:22 - __main__ - INFO - Starting AI Trading Bot Single Run
2025-03-12 14:32:22 - utils - INFO - System Information:
2025-03-12 14:32:22 - utils - INFO -   python_version: 3.10.16
2025-03-12 14:32:22 - utils - INFO -   system: Darwin
2025-03-12 14:32:22 - utils - INFO -   release: 24.3.0
2025-03-12 14:32:22 - utils - INFO -   processor: arm
2025-03-12 14:32:22 - utils - INFO -   cpu_count: 8
2025-03-12 14:32:22 - utils - INFO -   memory_total_gb: 8.0
2025-03-12 14:32:22 - utils - INFO -   tensorflow_version: 2.19.0
2025-03-12 14:32:22 - utils - INFO -   numpy_version: 2.1.3
2025-03-12 14:32:22 - utils - INFO -   pandas_version: 2.2.3
2025-03-12 14:32:22 - __main__ - INFO - Processing BTCUSDT 1h
2025-03-12 14:32:22 - __main__ - INFO - Loading data
2025-03-12 14:32:22 - data_processor - INFO - Loading data from /Users/mrsmoothy/Desktop/rsidtrade/binance_data_sets/BTCUSDT_1h_data_2021_to_2023.csv
2025-03-12 14:32:22 - data_processor - INFO - Loaded 21826 rows of data
2025-03-12 14:32:22 - __main__ - INFO - Generating features
2025-03-12 14:32:29 - __main__ - INFO - Starting model optimization
2025-03-12 14:32:29 - data_processor - INFO - Loading data from /Users/mrsmoothy/Desktop/rsidtrade/binance_data_sets/BTCUSDT_1h_data_2021_to_2023.csv
2025-03-12 14:32:29 - data_processor - INFO - Loaded 21826 rows of data
2025-03-12 14:32:36 - optimizer - INFO - Prepared 21721 sequences with 100 time steps and 36 features
2025-03-12 14:32:36 - model - INFO - Building cnn model with input shape (100, 36)
2025-03-12 14:32:36 - model - INFO - Training cnn model with 17377 samples
2025-03-12 14:35:13 - model - INFO - Building cnn model with input shape (100, 36)
2025-03-12 14:35:13 - model - INFO - Training cnn model with 17377 samples
2025-03-12 14:37:56 - model - INFO - Building cnn model with input shape (100, 36)
2025-03-12 14:37:56 - model - INFO - Training cnn model with 17377 samples
2025-03-12 14:40:34 - model - INFO - Building cnn model with input shape (100, 36)
2025-03-12 14:40:34 - model - INFO - Training cnn model with 17377 samples
2025-03-12 14:43:18 - model - INFO - Building cnn model with input shape (100, 36)
2025-03-12 14:43:18 - model - INFO - Training cnn model with 17377 samples
2025-03-12 14:46:08 - model - INFO - Building cnn model with input shape (100, 36)
2025-03-12 14:46:08 - model - INFO - Training cnn model with 17377 samples
2025-03-12 14:48:54 - model - INFO - Building cnn model with input shape (100, 36)
2025-03-12 14:48:54 - model - INFO - Training cnn model with 17377 samples
2025-03-12 14:51:27 - model - INFO - Building cnn model with input shape (100, 36)
2025-03-12 14:51:27 - model - INFO - Training cnn model with 17377 samples
2025-03-12 14:54:08 - model - INFO - Building cnn model with input shape (100, 36)
2025-03-12 14:54:08 - model - INFO - Training cnn model with 17377 samples
2025-03-12 14:56:49 - model - INFO - Building cnn model with input shape (100, 36)
2025-03-12 14:56:49 - model - INFO - Training cnn model with 17377 samples
2025-03-12 14:59:23 - model - INFO - Building cnn model with input shape (100, 36)
2025-03-12 14:59:23 - model - INFO - Training cnn model with 17377 samples
2025-03-12 15:01:20 - model - INFO - Building cnn model with input shape (100, 36)
2025-03-12 15:01:20 - model - INFO - Training cnn model with 17377 samples
2025-03-12 15:03:16 - model - INFO - Building cnn model with input shape (100, 36)
2025-03-12 15:03:16 - model - INFO - Training cnn model with 17377 samples
2025-03-12 15:05:06 - model - INFO - Building cnn model with input shape (100, 36)
2025-03-12 15:05:06 - model - INFO - Training cnn model with 17377 samples
2025-03-12 15:06:54 - model - INFO - Building cnn model with input shape (100, 36)
2025-03-12 15:06:54 - model - INFO - Training cnn model with 17377 samples
2025-03-12 15:08:46 - model - INFO - Building gru model with input shape (100, 36)
2025-03-12 15:08:46 - model - INFO - Training gru model with 17377 samples
2025-03-12 15:13:04 - model - INFO - Building gru model with input shape (100, 36)
2025-03-12 15:13:04 - model - INFO - Training gru model with 17377 samples
2025-03-12 15:16:31 - model - INFO - Building gru model with input shape (100, 36)
2025-03-12 15:16:31 - model - INFO - Training gru model with 17377 samples
2025-03-12 15:21:04 - model - INFO - Building gru model with input shape (100, 36)
2025-03-12 15:21:04 - model - INFO - Training gru model with 17377 samples
2025-03-12 15:23:51 - model - INFO - Building gru model with input shape (100, 36)
2025-03-12 15:23:51 - model - INFO - Training gru model with 17377 samples
2025-03-12 15:26:40 - model - INFO - Building lstm model with input shape (100, 36)
2025-03-12 15:26:40 - model - INFO - Training lstm model with 17377 samples
2025-03-12 15:31:02 - model - INFO - Building lstm model with input shape (100, 36)
2025-03-12 15:31:02 - model - INFO - Training lstm model with 17377 samples
