2025-03-13 08:29:27 - utils - INFO - Logging initialized. Log file: /Users/mrsmoothy/Desktop/rsidtrade/trading_/logs/rsidtrade_20250313_082927.log
2025-03-13 08:29:27 - __main__ - INFO - Starting AI Trading Bot Single Run
2025-03-13 08:29:27 - utils - INFO - System Information:
2025-03-13 08:29:27 - utils - INFO -   python_version: 3.10.16
2025-03-13 08:29:27 - utils - INFO -   system: Darwin
2025-03-13 08:29:27 - utils - INFO -   release: 24.3.0
2025-03-13 08:29:27 - utils - INFO -   processor: arm
2025-03-13 08:29:27 - utils - INFO -   cpu_count: 8
2025-03-13 08:29:27 - utils - INFO -   memory_total_gb: 8.0
2025-03-13 08:29:27 - utils - INFO -   tensorflow_version: 2.19.0
2025-03-13 08:29:27 - utils - INFO -   numpy_version: 2.1.3
2025-03-13 08:29:27 - utils - INFO -   pandas_version: 2.2.3
2025-03-13 08:29:27 - __main__ - INFO - Processing BTCUSDT 1h
2025-03-13 08:29:27 - __main__ - INFO - Loading data
2025-03-13 08:29:27 - data_processor - INFO - Loading data from /Users/mrsmoothy/Desktop/rsidtrade/binance_data_sets/BTCUSDT_1h_data_2021_to_2023.csv
2025-03-13 08:29:27 - data_processor - INFO - Loaded 21826 rows of data
2025-03-13 08:29:27 - __main__ - INFO - Generating features
2025-03-13 08:29:35 - __main__ - INFO - Creating new model
2025-03-13 08:29:35 - model - INFO - Building lstm model with input shape (100, 55)
2025-03-13 08:29:35 - __main__ - INFO - Training model
2025-03-13 08:29:35 - model - INFO - Training lstm model with 15204 samples
2025-03-13 08:29:35 - __main__ - ERROR - Error in single run: Exception encountered when calling LSTMCell.call().

[1mDimensions must be equal, but are 36 and 55 for '{{node sequential_1/lstm_1/lstm_cell_1/MatMul}} = MatMul[T=DT_FLOAT, grad_a=false, grad_b=false, transpose_a=false, transpose_b=false](sequential_1/lstm_1/strided_slice_2, sequential_1/lstm_1/lstm_cell_1/Cast/ReadVariableOp)' with input shapes: [?,36], [55,512].[0m

Arguments received by LSTMCell.call():
  • inputs=tf.Tensor(shape=(None, 36), dtype=float32)
  • states=('tf.Tensor(shape=(None, 128), dtype=float32)', 'tf.Tensor(shape=(None, 128), dtype=float32)')
  • training=True
