2025-03-14 20:55:33 - utils - INFO - Logging initialized. Log file: /Users/mrsmoothy/Desktop/rsidtrade/trading_/logs/rsidtrade_20250314_205532.log
2025-03-14 20:55:33 - __main__ - INFO - Starting AI Trading Bot Single Run
2025-03-14 20:55:33 - utils - INFO - System Information:
2025-03-14 20:55:33 - utils - INFO -   python_version: 3.10.14
2025-03-14 20:55:33 - utils - INFO -   system: Darwin
2025-03-14 20:55:33 - utils - INFO -   release: 24.3.0
2025-03-14 20:55:33 - utils - INFO -   processor: arm
2025-03-14 20:55:33 - utils - INFO -   cpu_count: 8
2025-03-14 20:55:33 - utils - INFO -   memory_total_gb: 8.0
2025-03-14 20:55:33 - utils - INFO -   tensorflow_version: 2.16.2
2025-03-14 20:55:33 - utils - INFO -   numpy_version: 1.26.4
2025-03-14 20:55:33 - utils - INFO -   pandas_version: 2.2.3
2025-03-14 20:55:33 - __main__ - INFO - Processing BTCUSDT 1h
2025-03-14 20:55:33 - __main__ - INFO - Loading data
2025-03-14 20:55:33 - data_processor - INFO - Loading data from /Users/mrsmoothy/Desktop/rsidtrade/binance_data_sets/BTCUSDT_1h_data_2021_to_2023.csv
2025-03-14 20:55:33 - data_processor - INFO - Loaded 21826 rows of data
2025-03-14 20:55:33 - __main__ - INFO - Generating features
2025-03-14 20:55:40 - __main__ - INFO - Using 36 features for model
2025-03-14 20:55:40 - __main__ - INFO - Creating new model
2025-03-14 20:55:41 - __main__ - ERROR - Error in single run: name 'input_feature_count' is not defined
