2025-03-14 22:07:19 - utils - INFO - Logging initialized. Log file: /Users/mrsmoothy/Desktop/rsidtrade/trading_/logs/rsidtrade_20250314_220718.log
2025-03-14 22:07:19 - __main__ - INFO - Starting AI Trading Bot Single Run
2025-03-14 22:07:19 - utils - INFO - System Information:
2025-03-14 22:07:19 - utils - INFO -   python_version: 3.10.14
2025-03-14 22:07:19 - utils - INFO -   system: Darwin
2025-03-14 22:07:19 - utils - INFO -   release: 24.3.0
2025-03-14 22:07:19 - utils - INFO -   processor: arm
2025-03-14 22:07:19 - utils - INFO -   cpu_count: 8
2025-03-14 22:07:19 - utils - INFO -   memory_total_gb: 8.0
2025-03-14 22:07:19 - utils - INFO -   tensorflow_version: 2.16.2
2025-03-14 22:07:19 - utils - INFO -   numpy_version: 1.26.4
2025-03-14 22:07:19 - utils - INFO -   pandas_version: 2.2.3
2025-03-14 22:07:19 - __main__ - INFO - Processing BTCUSDT 1h
2025-03-14 22:07:19 - __main__ - INFO - Loading data
2025-03-14 22:07:19 - data_processor - INFO - Loading data from /Users/mrsmoothy/Desktop/rsidtrade/binance_data_sets/BTCUSDT_1h_data_2021_to_2023.csv
2025-03-14 22:07:19 - data_processor - INFO - Loaded 21826 rows of data
2025-03-14 22:07:19 - __main__ - INFO - Generating features with PCA dimensionality reduction
2025-03-14 22:07:25 - feature_engineering - INFO - Applying PCA to reduce features to 30 components
2025-03-14 22:07:25 - root - WARNING - Excluding non-numeric column from PCA: close_time
2025-03-14 22:07:27 - __main__ - INFO - Using 30 features for model
2025-03-14 22:07:27 - __main__ - INFO - Creating new model
2025-03-14 22:07:28 - model - INFO - Building lstm model with input shape (100, 30)
2025-03-14 22:07:28 - __main__ - INFO - Training model
2025-03-14 22:07:28 - model - INFO - Training lstm model with 15204 samples
2025-03-14 22:08:19 - absl - WARNING - You are saving your model as an HDF5 file via `model.save()` or `keras.saving.save_model(model)`. This file format is considered legacy. We recommend using instead the native Keras format, e.g. `model.save('my_model.keras')` or `keras.saving.save_model(model, 'my_model.keras')`. 
2025-03-14 22:08:20 - __main__ - INFO - Model saved to /Users/mrsmoothy/Desktop/rsidtrade/trading_/models/BTCUSDT_1h/model_20250314_220728.h5
2025-03-14 22:08:20 - __main__ - INFO - PCA model saved to /Users/mrsmoothy/Desktop/rsidtrade/trading_/models/BTCUSDT_1h/pca_20250314_220820.pkl
2025-03-14 22:08:20 - __main__ - INFO - Scaler model saved to /Users/mrsmoothy/Desktop/rsidtrade/trading_/models/BTCUSDT_1h/scaler_20250314_220820.pkl
2025-03-14 22:08:20 - __main__ - INFO - Creating trading strategy
2025-03-14 22:08:20 - __main__ - INFO - Running backtest
2025-03-14 22:08:20 - __main__ - INFO - Preparing data for backtest with 30 PCA components
2025-03-14 22:08:20 - __main__ - ERROR - Error in single run: name 'apply_pca_reduction' is not defined
