2025-03-14 22:50:16 - utils - INFO - Logging initialized. Log file: /Users/mrsmoothy/Desktop/rsidtrade/trading_/logs/rsidtrade_20250314_225013.log
2025-03-14 22:50:16 - __main__ - INFO - Starting AI Trading Bot Single Run
2025-03-14 22:50:16 - utils - INFO - System Information:
2025-03-14 22:50:16 - utils - INFO -   python_version: 3.10.14
2025-03-14 22:50:16 - utils - INFO -   system: Darwin
2025-03-14 22:50:16 - utils - INFO -   release: 24.3.0
2025-03-14 22:50:16 - utils - INFO -   processor: arm
2025-03-14 22:50:16 - utils - INFO -   cpu_count: 8
2025-03-14 22:50:16 - utils - INFO -   memory_total_gb: 8.0
2025-03-14 22:50:16 - utils - INFO -   tensorflow_version: 2.16.2
2025-03-14 22:50:16 - utils - INFO -   numpy_version: 1.26.4
2025-03-14 22:50:16 - utils - INFO -   pandas_version: 2.2.3
2025-03-14 22:50:16 - __main__ - INFO - Processing BTCUSDT 1h
2025-03-14 22:50:16 - __main__ - INFO - Loading data
2025-03-14 22:50:16 - data_processor - INFO - Loading data from /Users/mrsmoothy/Desktop/rsidtrade/binance_data_sets/BTCUSDT_1h_data_2018_to_2025.csv
2025-03-14 22:50:16 - data_processor - INFO - Loaded 61247 rows of data
2025-03-14 22:50:16 - __main__ - INFO - Generating features with PCA dimensionality reduction
2025-03-14 22:50:33 - feature_engineering - INFO - Applying PCA to reduce features to 30 components
2025-03-14 22:50:33 - root - WARNING - Excluding non-numeric column from PCA: close_time
2025-03-14 22:50:36 - __main__ - INFO - Using 30 features for model
2025-03-14 22:50:36 - __main__ - INFO - Starting model optimization
2025-03-14 22:50:36 - data_processor - INFO - Loading data from /Users/mrsmoothy/Desktop/rsidtrade/binance_data_sets/BTCUSDT_1h_data_2018_to_2025.csv
2025-03-14 22:50:36 - data_processor - INFO - Loaded 61247 rows of data
2025-03-14 22:50:55 - __main__ - ERROR - Error in single run: unsupported operand type(s) for /: 'str' and 'int'
