2025-03-12 17:40:48 - utils - INFO - Logging initialized. Log file: /Users/mrsmoothy/Desktop/rsidtrade/trading_/logs/rsidtrade_20250312_174048.log
2025-03-12 17:40:48 - __main__ - INFO - Starting AI Trading Bot Single Run
2025-03-12 17:40:48 - utils - INFO - System Information:
2025-03-12 17:40:48 - utils - INFO -   python_version: 3.10.16
2025-03-12 17:40:48 - utils - INFO -   system: Darwin
2025-03-12 17:40:48 - utils - INFO -   release: 24.3.0
2025-03-12 17:40:48 - utils - INFO -   processor: arm
2025-03-12 17:40:48 - utils - INFO -   cpu_count: 8
2025-03-12 17:40:48 - utils - INFO -   memory_total_gb: 8.0
2025-03-12 17:40:48 - utils - INFO -   tensorflow_version: 2.19.0
2025-03-12 17:40:48 - utils - INFO -   numpy_version: 2.1.3
2025-03-12 17:40:48 - utils - INFO -   pandas_version: 2.2.3
2025-03-12 17:40:48 - __main__ - INFO - Processing BTCUSDT 1h
2025-03-12 17:40:48 - __main__ - INFO - Loading data
2025-03-12 17:40:48 - data_processor - INFO - Loading data from /Users/mrsmoothy/Desktop/rsidtrade/binance_data_sets/BTCUSDT_1h_data_2021_to_2023.csv
2025-03-12 17:40:48 - data_processor - INFO - Loaded 21826 rows of data
2025-03-12 17:40:48 - __main__ - INFO - Generating features
2025-03-12 17:40:56 - __main__ - INFO - Starting model optimization
2025-03-12 17:40:56 - data_processor - INFO - Loading data from /Users/mrsmoothy/Desktop/rsidtrade/binance_data_sets/BTCUSDT_1h_data_2021_to_2023.csv
2025-03-12 17:40:56 - data_processor - INFO - Loaded 21826 rows of data
2025-03-12 17:41:03 - optimizer - INFO - Prepared 21721 sequences with 100 time steps and 36 features
2025-03-12 17:41:03 - model - INFO - Building lstm model with input shape (100, 36)
2025-03-12 17:41:04 - model - INFO - Training lstm model with 17377 samples
