2025-03-12 22:22:48 - utils - INFO - Logging initialized. Log file: /Users/mrsmoothy/Desktop/rsidtrade/trading_/logs/rsidtrade_20250312_222248.log
2025-03-12 22:22:48 - __main__ - INFO - Starting AI Trading Bot Single Run
2025-03-12 22:22:48 - utils - INFO - System Information:
2025-03-12 22:22:48 - utils - INFO -   python_version: 3.10.16
2025-03-12 22:22:48 - utils - INFO -   system: Darwin
2025-03-12 22:22:48 - utils - INFO -   release: 24.3.0
2025-03-12 22:22:48 - utils - INFO -   processor: arm
2025-03-12 22:22:48 - utils - INFO -   cpu_count: 8
2025-03-12 22:22:48 - utils - INFO -   memory_total_gb: 8.0
2025-03-12 22:22:48 - utils - INFO -   tensorflow_version: 2.19.0
2025-03-12 22:22:48 - utils - INFO -   numpy_version: 2.1.3
2025-03-12 22:22:48 - utils - INFO -   pandas_version: 2.2.3
2025-03-12 22:22:48 - __main__ - INFO - Processing BTCUSDT 1h
2025-03-12 22:22:48 - __main__ - INFO - Loading data
2025-03-12 22:22:48 - data_processor - INFO - Loading data from /Users/mrsmoothy/Desktop/rsidtrade/binance_data_sets/BTCUSDT_1h_data_2021_to_2023.csv
2025-03-12 22:22:48 - data_processor - INFO - Loaded 21826 rows of data
2025-03-12 22:22:48 - __main__ - INFO - Generating features
2025-03-12 22:23:00 - __main__ - INFO - Starting model optimization
2025-03-12 22:23:00 - data_processor - INFO - Loading data from /Users/mrsmoothy/Desktop/rsidtrade/binance_data_sets/BTCUSDT_1h_data_2021_to_2023.csv
2025-03-12 22:23:00 - data_processor - INFO - Loaded 21826 rows of data
2025-03-12 22:23:08 - optimizer - INFO - Prepared 21721 sequences with 100 time steps and 36 features
2025-03-12 22:23:08 - model - INFO - Building cnn model with input shape (100, 36)
2025-03-12 22:23:08 - model - INFO - Training cnn model with 17377 samples
2025-03-12 22:24:50 - model - INFO - Building cnn model with input shape (100, 36)
2025-03-12 22:24:50 - model - INFO - Training cnn model with 17377 samples
2025-03-12 22:26:30 - model - INFO - Building cnn model with input shape (100, 36)
2025-03-12 22:26:30 - model - INFO - Training cnn model with 17377 samples
2025-03-12 22:28:09 - model - INFO - Building cnn model with input shape (100, 36)
2025-03-12 22:28:09 - model - INFO - Training cnn model with 17377 samples
2025-03-12 22:29:06 - model - INFO - Building cnn model with input shape (100, 36)
2025-03-12 22:29:06 - model - INFO - Training cnn model with 17377 samples
2025-03-12 22:30:43 - model - INFO - Building gru model with input shape (100, 36)
2025-03-12 22:30:43 - model - INFO - Training gru model with 17377 samples
2025-03-12 22:40:07 - model - INFO - Building gru model with input shape (100, 36)
2025-03-12 22:40:07 - model - INFO - Training gru model with 17377 samples
2025-03-12 22:50:08 - model - INFO - Building gru model with input shape (100, 36)
2025-03-12 22:50:08 - model - INFO - Training gru model with 17377 samples
2025-03-12 22:59:43 - model - INFO - Building gru model with input shape (100, 36)
2025-03-12 22:59:43 - model - INFO - Training gru model with 17377 samples
2025-03-12 23:09:23 - model - INFO - Building gru model with input shape (100, 36)
2025-03-12 23:09:23 - model - INFO - Training gru model with 17377 samples
2025-03-12 23:18:57 - model - INFO - Building lstm model with input shape (100, 36)
2025-03-12 23:18:58 - model - INFO - Training lstm model with 17377 samples
2025-03-12 23:19:46 - model - INFO - Building lstm model with input shape (100, 36)
2025-03-12 23:19:46 - model - INFO - Training lstm model with 17377 samples
2025-03-12 23:20:35 - model - INFO - Building lstm model with input shape (100, 36)
2025-03-12 23:20:35 - model - INFO - Training lstm model with 17377 samples
2025-03-12 23:21:24 - model - INFO - Building lstm model with input shape (100, 36)
2025-03-12 23:21:24 - model - INFO - Training lstm model with 17377 samples
2025-03-12 23:21:51 - model - INFO - Building lstm model with input shape (100, 36)
2025-03-12 23:21:51 - model - INFO - Training lstm model with 17377 samples
2025-03-12 23:22:39 - model - INFO - Building cnn model with input shape (100, 36)
2025-03-12 23:22:39 - model - INFO - Training cnn model with 17377 samples
2025-03-12 23:24:57 - model - INFO - Building cnn model with input shape (100, 36)
2025-03-12 23:24:57 - model - INFO - Training cnn model with 17377 samples
2025-03-12 23:27:20 - model - INFO - Building cnn model with input shape (100, 36)
2025-03-12 23:27:20 - model - INFO - Training cnn model with 17377 samples
2025-03-12 23:29:15 - model - INFO - Building cnn model with input shape (100, 36)
2025-03-12 23:29:15 - model - INFO - Training cnn model with 17377 samples
2025-03-12 23:30:55 - model - INFO - Building cnn model with input shape (100, 36)
2025-03-12 23:30:56 - model - INFO - Training cnn model with 17377 samples
2025-03-12 23:32:45 - model - INFO - Building cnn model with input shape (100, 36)
2025-03-12 23:32:45 - model - INFO - Training cnn model with 17377 samples
2025-03-12 23:35:17 - model - INFO - Building cnn model with input shape (100, 36)
2025-03-12 23:35:17 - model - INFO - Training cnn model with 17377 samples
2025-03-12 23:37:35 - model - INFO - Building cnn model with input shape (100, 36)
2025-03-12 23:37:35 - model - INFO - Training cnn model with 17377 samples
2025-03-12 23:39:56 - model - INFO - Building cnn model with input shape (100, 36)
2025-03-12 23:39:56 - model - INFO - Training cnn model with 17377 samples
2025-03-12 23:42:16 - model - INFO - Building cnn model with input shape (100, 36)
2025-03-12 23:42:16 - model - INFO - Training cnn model with 17377 samples
2025-03-12 23:44:39 - model - INFO - Building cnn model with input shape (100, 36)
2025-03-12 23:44:39 - model - INFO - Training cnn model with 17377 samples
2025-03-12 23:46:28 - model - INFO - Building cnn model with input shape (100, 36)
2025-03-12 23:46:28 - model - INFO - Training cnn model with 17377 samples
2025-03-12 23:48:13 - model - INFO - Building cnn model with input shape (100, 36)
2025-03-12 23:48:13 - model - INFO - Training cnn model with 17377 samples
2025-03-12 23:49:56 - model - INFO - Building cnn model with input shape (100, 36)
2025-03-12 23:49:56 - model - INFO - Training cnn model with 17377 samples
2025-03-12 23:51:37 - model - INFO - Building cnn model with input shape (100, 36)
2025-03-12 23:51:37 - model - INFO - Training cnn model with 17377 samples
2025-03-12 23:53:19 - model - INFO - Building cnn model with input shape (100, 36)
2025-03-12 23:53:19 - model - INFO - Training cnn model with 17377 samples
2025-03-12 23:54:56 - model - INFO - Building cnn model with input shape (100, 36)
2025-03-12 23:54:56 - model - INFO - Training cnn model with 17377 samples
2025-03-12 23:56:37 - model - INFO - Building cnn model with input shape (100, 36)
2025-03-12 23:56:37 - model - INFO - Training cnn model with 17377 samples
2025-03-12 23:58:22 - model - INFO - Building cnn model with input shape (100, 36)
2025-03-12 23:58:23 - model - INFO - Training cnn model with 17377 samples
2025-03-13 00:00:04 - model - INFO - Building cnn model with input shape (100, 36)
2025-03-13 00:00:04 - model - INFO - Training cnn model with 17377 samples
2025-03-13 00:01:51 - model - INFO - Building lstm model with input shape (100, 36)
2025-03-13 00:01:51 - model - INFO - Training lstm model with 17377 samples
2025-03-13 00:04:48 - model - INFO - Building lstm model with input shape (100, 36)
2025-03-13 00:04:48 - model - INFO - Training lstm model with 17377 samples
2025-03-13 00:07:47 - model - INFO - Building lstm model with input shape (100, 36)
2025-03-13 00:07:47 - model - INFO - Training lstm model with 17377 samples
2025-03-13 00:10:38 - model - INFO - Building lstm model with input shape (100, 36)
2025-03-13 00:10:38 - model - INFO - Training lstm model with 17377 samples
2025-03-13 00:13:31 - model - INFO - Building lstm model with input shape (100, 36)
2025-03-13 00:13:31 - model - INFO - Training lstm model with 17377 samples
2025-03-13 00:16:24 - model - INFO - Building gru model with input shape (100, 36)
2025-03-13 00:16:24 - model - INFO - Training gru model with 17377 samples
2025-03-13 00:19:50 - model - INFO - Building gru model with input shape (100, 36)
2025-03-13 00:19:50 - model - INFO - Training gru model with 17377 samples
2025-03-13 00:23:16 - model - INFO - Building gru model with input shape (100, 36)
2025-03-13 00:23:16 - model - INFO - Training gru model with 17377 samples
2025-03-13 00:26:48 - model - INFO - Building gru model with input shape (100, 36)
2025-03-13 00:26:48 - model - INFO - Training gru model with 17377 samples
2025-03-13 00:30:19 - model - INFO - Building gru model with input shape (100, 36)
2025-03-13 00:30:19 - model - INFO - Training gru model with 17377 samples
2025-03-13 00:33:44 - model - INFO - Building gru model with input shape (100, 36)
2025-03-13 00:33:44 - model - INFO - Training gru model with 17377 samples
2025-03-13 00:35:23 - model - INFO - Building gru model with input shape (100, 36)
2025-03-13 00:35:23 - model - INFO - Training gru model with 17377 samples
2025-03-13 00:37:03 - model - INFO - Building gru model with input shape (100, 36)
2025-03-13 00:37:03 - model - INFO - Training gru model with 17377 samples
2025-03-13 00:38:41 - model - INFO - Building gru model with input shape (100, 36)
2025-03-13 00:38:41 - model - INFO - Training gru model with 17377 samples
2025-03-13 00:40:20 - model - INFO - Building gru model with input shape (100, 36)
2025-03-13 00:40:20 - model - INFO - Training gru model with 17377 samples
2025-03-13 00:41:58 - model - INFO - Building cnn model with input shape (100, 36)
2025-03-13 00:41:58 - model - INFO - Training cnn model with 17377 samples
2025-03-13 00:43:50 - model - INFO - Building cnn model with input shape (100, 36)
2025-03-13 00:43:50 - model - INFO - Training cnn model with 17377 samples
2025-03-13 00:45:35 - model - INFO - Building cnn model with input shape (100, 36)
2025-03-13 00:45:35 - model - INFO - Training cnn model with 17377 samples
2025-03-13 00:48:20 - model - INFO - Building cnn model with input shape (100, 36)
2025-03-13 00:48:20 - model - INFO - Training cnn model with 17377 samples
2025-03-13 00:49:53 - model - INFO - Building cnn model with input shape (100, 36)
2025-03-13 00:49:53 - model - INFO - Training cnn model with 17377 samples
2025-03-13 00:51:23 - model - INFO - Building cnn model with input shape (100, 36)
2025-03-13 00:51:23 - model - INFO - Training cnn model with 17377 samples
2025-03-13 00:54:07 - model - INFO - Building cnn model with input shape (100, 36)
2025-03-13 00:54:07 - model - INFO - Training cnn model with 17377 samples
2025-03-13 00:56:28 - model - INFO - Building cnn model with input shape (100, 36)
2025-03-13 00:56:28 - model - INFO - Training cnn model with 17377 samples
2025-03-13 00:59:15 - model - INFO - Building cnn model with input shape (100, 36)
2025-03-13 00:59:16 - model - INFO - Training cnn model with 17377 samples
2025-03-13 01:00:52 - model - INFO - Building cnn model with input shape (100, 36)
2025-03-13 01:00:52 - model - INFO - Training cnn model with 17377 samples
2025-03-13 01:02:31 - model - INFO - Building cnn model with input shape (100, 36)
2025-03-13 01:02:31 - model - INFO - Training cnn model with 17377 samples
2025-03-13 01:05:31 - model - INFO - Building cnn model with input shape (100, 36)
2025-03-13 01:05:31 - model - INFO - Training cnn model with 17377 samples
2025-03-13 01:07:49 - model - INFO - Building cnn model with input shape (100, 36)
2025-03-13 01:07:50 - model - INFO - Training cnn model with 17377 samples
2025-03-13 01:09:24 - model - INFO - Building cnn model with input shape (100, 36)
2025-03-13 01:09:24 - model - INFO - Training cnn model with 17377 samples
2025-03-13 01:11:10 - model - INFO - Building cnn model with input shape (100, 36)
2025-03-13 01:11:11 - model - INFO - Training cnn model with 17377 samples
2025-03-13 01:13:55 - model - INFO - Building cnn model with input shape (100, 36)
2025-03-13 01:13:55 - model - INFO - Training cnn model with 17377 samples
2025-03-13 01:16:20 - model - INFO - Building cnn model with input shape (100, 36)
2025-03-13 01:16:20 - model - INFO - Training cnn model with 17377 samples
2025-03-13 01:19:05 - model - INFO - Building cnn model with input shape (100, 36)
2025-03-13 01:19:06 - model - INFO - Training cnn model with 17377 samples
2025-03-13 01:21:53 - model - INFO - Building cnn model with input shape (100, 36)
2025-03-13 01:21:53 - model - INFO - Training cnn model with 17377 samples
2025-03-13 01:23:43 - model - INFO - Building cnn model with input shape (100, 36)
2025-03-13 01:23:43 - model - INFO - Training cnn model with 17377 samples
2025-03-13 01:25:43 - model - INFO - Building cnn model with input shape (100, 36)
2025-03-13 01:25:43 - model - INFO - Training cnn model with 17377 samples
2025-03-13 01:27:49 - model - INFO - Building cnn model with input shape (100, 36)
2025-03-13 01:27:49 - model - INFO - Training cnn model with 17377 samples
2025-03-13 01:29:56 - model - INFO - Building cnn model with input shape (100, 36)
2025-03-13 01:29:56 - model - INFO - Training cnn model with 17377 samples
2025-03-13 01:32:06 - model - INFO - Building cnn model with input shape (100, 36)
2025-03-13 01:32:06 - model - INFO - Training cnn model with 17377 samples
2025-03-13 01:34:10 - model - INFO - Building cnn model with input shape (100, 36)
2025-03-13 01:34:10 - model - INFO - Training cnn model with 17377 samples
2025-03-13 01:36:14 - model - INFO - Building lstm model with input shape (100, 36)
2025-03-13 01:36:14 - model - INFO - Training lstm model with 17377 samples
2025-03-13 01:45:28 - model - INFO - Building lstm model with input shape (100, 36)
2025-03-13 01:45:28 - model - INFO - Training lstm model with 17377 samples
2025-03-13 01:54:44 - model - INFO - Building lstm model with input shape (100, 36)
2025-03-13 01:54:45 - model - INFO - Training lstm model with 17377 samples
2025-03-13 02:03:57 - model - INFO - Building lstm model with input shape (100, 36)
2025-03-13 02:03:57 - model - INFO - Training lstm model with 17377 samples
2025-03-13 02:13:52 - model - INFO - Building lstm model with input shape (100, 36)
2025-03-13 02:13:52 - model - INFO - Training lstm model with 17377 samples
2025-03-13 02:23:07 - model - INFO - Building cnn model with input shape (100, 36)
2025-03-13 02:23:07 - model - INFO - Training cnn model with 17377 samples
2025-03-13 02:24:57 - model - INFO - Building cnn model with input shape (100, 36)
2025-03-13 02:24:57 - model - INFO - Training cnn model with 17377 samples
2025-03-13 02:26:49 - model - INFO - Building cnn model with input shape (100, 36)
2025-03-13 02:26:49 - model - INFO - Training cnn model with 17377 samples
2025-03-13 02:28:40 - model - INFO - Building cnn model with input shape (100, 36)
2025-03-13 02:28:40 - model - INFO - Training cnn model with 17377 samples
2025-03-13 02:30:45 - model - INFO - Building cnn model with input shape (100, 36)
2025-03-13 02:30:45 - model - INFO - Training cnn model with 17377 samples
2025-03-13 02:32:37 - model - INFO - Building cnn model with input shape (100, 36)
2025-03-13 02:32:38 - model - INFO - Training cnn model with 17377 samples
2025-03-13 02:35:09 - model - INFO - Building cnn model with input shape (100, 36)
2025-03-13 02:35:09 - model - INFO - Training cnn model with 17377 samples
2025-03-13 02:37:38 - model - INFO - Building cnn model with input shape (100, 36)
2025-03-13 02:37:39 - model - INFO - Training cnn model with 17377 samples
2025-03-13 02:40:06 - model - INFO - Building cnn model with input shape (100, 36)
2025-03-13 02:40:06 - model - INFO - Training cnn model with 17377 samples
2025-03-13 02:42:38 - model - INFO - Building cnn model with input shape (100, 36)
2025-03-13 02:42:38 - model - INFO - Training cnn model with 17377 samples
2025-03-13 02:45:04 - model - INFO - Building lstm model with input shape (100, 36)
2025-03-13 02:45:04 - model - INFO - Training lstm model with 17377 samples
2025-03-13 02:53:45 - model - INFO - Building lstm model with input shape (100, 36)
2025-03-13 02:53:45 - model - INFO - Training lstm model with 17377 samples
2025-03-13 03:02:30 - model - INFO - Building lstm model with input shape (100, 36)
2025-03-13 03:02:30 - model - INFO - Training lstm model with 17377 samples
2025-03-13 03:11:19 - model - INFO - Building lstm model with input shape (100, 36)
2025-03-13 03:11:19 - model - INFO - Training lstm model with 17377 samples
2025-03-13 03:18:31 - model - INFO - Building lstm model with input shape (100, 36)
2025-03-13 03:18:31 - model - INFO - Training lstm model with 17377 samples
2025-03-13 03:26:15 - model - INFO - Building gru model with input shape (100, 36)
2025-03-13 03:26:15 - __main__ - ERROR - Error in single run: Input 0 of layer "gru_16" is incompatible with the layer: expected ndim=3, found ndim=2. Full shape received: (None, 48)
